<?xml version="1.0" encoding="UTF-8"?>
<!-- Generated by org.testng.reporters.JUnitXMLReporter -->
<testsuite ignored="0" hostname="IM-RT-LP-1455" failures="0" tests="5" name="Default test" time="0.053" errors="0" timestamp="2022-12-19T12:19:48 IST">
  <testcase classname="Baselibraries.STAF_Web_Helper" name="@BeforeTest launchBrowser" time="-1.671432588012E9">
    <failure type="org.testng.TestNGException" message="
Parameter &amp;apos;BrowserName&amp;apos; is required by BeforeTest on method launchBrowser but has not been marked @Optional or defined
in C:\Users\lchitla\AppData\Local\Temp\testng-eclipse-163483540\testng-customsuite.xml">
      <![CDATA[org.testng.TestNGException: 
Parameter 'BrowserName' is required by BeforeTest on method launchBrowser but has not been marked @Optional or defined
in C:\Users\lchitla\AppData\Local\Temp\testng-eclipse-163483540\testng-customsuite.xml
at org.testng.internal.Parameters.createParams(Parameters.java:270)
at org.testng.internal.Parameters.createParametersForMethod(Parameters.java:358)
at org.testng.internal.Parameters.createParameters(Parameters.java:700)
at org.testng.internal.Parameters.createConfigurationParameters(Parameters.java:168)
at org.testng.internal.ConfigInvoker.invokeConfigurations(ConfigInvoker.java:302)
at org.testng.TestRunner.invokeTestConfigurations(TestRunner.java:637)
at org.testng.TestRunner.beforeRun(TestRunner.java:627)
at org.testng.TestRunner.run(TestRunner.java:589)
at org.testng.SuiteRunner.runTest(SuiteRunner.java:377)
at org.testng.SuiteRunner.runSequentially(SuiteRunner.java:371)
at org.testng.SuiteRunner.privateRun(SuiteRunner.java:332)
at org.testng.SuiteRunner.run(SuiteRunner.java:276)
at org.testng.SuiteRunnerWorker.runSuite(SuiteRunnerWorker.java:53)
at org.testng.SuiteRunnerWorker.run(SuiteRunnerWorker.java:96)
at org.testng.TestNG.runSuitesSequentially(TestNG.java:1212)
at org.testng.TestNG.runSuitesLocally(TestNG.java:1134)
at org.testng.TestNG.runSuites(TestNG.java:1063)
at org.testng.TestNG.run(TestNG.java:1031)
at org.testng.remote.AbstractRemoteTestNG.run(AbstractRemoteTestNG.java:115)
at org.testng.remote.RemoteTestNG.initAndRun(RemoteTestNG.java:251)
at org.testng.remote.RemoteTestNG.main(RemoteTestNG.java:77)
]]>
    </failure>
  </testcase> <!-- @BeforeTest launchBrowser -->
  <testcase classname="Baselibraries.STAF_Web_Helper" name="@BeforeClass init" time="-1.671432588033E9">
    <skipped/>
  </testcase> <!-- @BeforeClass init -->
  <testcase classname="Baselibraries.STAF_Web_Helper" name="@AfterTest closeBroeswer" time="-1.671432588062E9">
    <skipped/>
  </testcase> <!-- @AfterTest closeBroeswer -->
  <testcase classname="TestCases.LoginTestcases" name="launchURL" time="0.0">
    <skipped/>
  </testcase> <!-- launchURL -->
  <testcase classname="TestCases.LoginTestcases" name="validate_loginpageWithInvalidCredtianals" time="0.0">
    <skipped/>
  </testcase> <!-- validate_loginpageWithInvalidCredtianals -->
  <testcase classname="TestCases.LoginTestcases" name="validate_loginWithValidEmailAndInvalidPassword" time="0.0">
    <skipped/>
  </testcase> <!-- validate_loginWithValidEmailAndInvalidPassword -->
  <testcase classname="TestCases.LoginTestcases" name="validate_loginpage" time="0.0">
    <skipped/>
  </testcase> <!-- validate_loginpage -->
  <testcase classname="TestCases.LoginTestcases" name="validate_url" time="0.0">
    <skipped/>
  </testcase> <!-- validate_url -->
</testsuite> <!-- Default test -->
